<?xml version="1.0" encoding="UTF-8"?>
<!-- Generated by org.testng.reporters.JUnitReportReporter -->
<testsuite skipped="0" hostname="LAPTOP-1P1UG6MK" name="CodePart.Automation" tests="2" failures="0" timestamp="2021-06-03T08:27:48 IST" time="273.180" errors="0">
  <testcase name="ScheduleWithoutDate" time="120.053" classname="CodePart.Automation"/>
  <testcase name="ScheduleWithDate" time="153.127" classname="CodePart.Automation"/>
</testsuite> <!-- CodePart.Automation -->
