<?xml version="1.0" encoding="UTF-8"?>
<!-- Generated by org.testng.reporters.JUnitReportReporter -->
<testsuite hostname="LAPTOP-1P1UG6MK" failures="0" tests="1" name="CodePart.RedBusTC" time="29.877" errors="0" timestamp="2022-03-20T02:05:47 IST" skipped="0">
  <testcase classname="CodePart.RedBusTC" name="LoginCheck2" time="29.877"/>
</testsuite> <!-- CodePart.RedBusTC -->
