<?xml version="1.0" encoding="UTF-8"?>
<!-- Generated by org.testng.reporters.JUnitReportReporter -->
<testsuite hostname="DESKTOP-HSQQP40" failures="0" tests="1" name="CodePart.RedBusTC" time="129.514" errors="0" timestamp="2022-03-21T13:07:14 IST" skipped="0">
  <testcase classname="CodePart.RedBusTC" name="BusRatingDetails" time="129.514"/>
</testsuite> <!-- CodePart.RedBusTC -->
